models/dict/4224.dic
models/dict/5463.dic
models/dict/cmu07a.dic
models/grammar/experience_activity.gram
models/grammar/garbage_loop.gram
models/grammar/individual_child_plan_goal.gram
models/grammar/little_talk.gram
models/grammar/parent_observation_of_last_weeks_parent_child_activity.gram
models/grammar/weekly_parent_child_activity.gram
models/hmm/en-us-semi/README
models/hmm/en-us-semi/feat.params
models/hmm/en-us-semi/mdef
models/hmm/en-us-semi/means
models/hmm/en-us-semi/noisedict
models/hmm/en-us-semi/sendump
models/hmm/en-us-semi/transition_matrices
models/hmm/en-us-semi/variances
models/lm/5463.lm
models/lm/8307.lm
models/lm/weather.dmp